feature_home/build/intermediates/manifest_merge_blame_file/debug/processDebugManifest/manifest-merger-blame-debug-report.txt
1<?xml version="1.0" encoding="utf-8"?>
2<manifest xmlns:android="http://schemas.android.com/apk/res/android"
3    package="com.FinalProject.feature_home" >
4
5    <uses-sdk android:minSdkVersion="24" />
6
7    <application>
7-->src\main\AndroidManifest.xml:4:5-9:19
8        <activity
8-->src\main\AndroidManifest.xml:5:9-8:56
9            android:name="com.FinalProject.feature_home.presentation.HomeActivity"
9-->src\main\AndroidManifest.xml:6:13-83
10            android:exported="false"
10-->src\main\AndroidManifest.xml:7:13-37
11            android:theme="@style/Theme.FeatureHome" />
11-->src\main\AndroidManifest.xml:8:13-53
12    </application>
13
14</manifest>